Build started 1/20/2014 11:37:10 PM.
     1>Project "D:\Old Computer files\GoWell\GoWell\GoWell.vcxproj" on node 2 (rebuild target(s)).
     1>_PrepareForClean:
         Deleting file "Debug\Gowell.lastbuildstate".
       InitializeBuildStatus:
         Touching "Debug\Gowell.unsuccessfulbuild".
       Midl:
         D:\Program Files\Microsoft SDKs\Windows\v7.0A\bin\midl.exe /D _DEBUG /W1 /nologo /char signed /env win32 /Oicf /h "GoWell_i.h" /iid "GoWell_i.c" /proxy "GoWell_p.c" /tlb "Debug\GoWell.tlb" /robust GoWell.idl 
         Processing .\GoWell.idl
         GoWell.idl
         Processing D:\Program Files\Microsoft SDKs\Windows\v7.0A\include\oaidl.idl
         oaidl.idl
         Processing D:\Program Files\Microsoft SDKs\Windows\v7.0A\include\objidl.idl
         objidl.idl
         Processing D:\Program Files\Microsoft SDKs\Windows\v7.0A\include\unknwn.idl
         unknwn.idl
         Processing D:\Program Files\Microsoft SDKs\Windows\v7.0A\include\wtypes.idl
         wtypes.idl
         Processing D:\Program Files\Microsoft SDKs\Windows\v7.0A\include\basetsd.h
         basetsd.h
         Processing D:\Program Files\Microsoft SDKs\Windows\v7.0A\include\guiddef.h
         guiddef.h
         Processing D:\Program Files\Microsoft SDKs\Windows\v7.0A\include\ocidl.idl
         ocidl.idl
         Processing D:\Program Files\Microsoft SDKs\Windows\v7.0A\include\oleidl.idl
         oleidl.idl
         Processing D:\Program Files\Microsoft SDKs\Windows\v7.0A\include\servprov.idl
         servprov.idl
         Processing D:\Program Files\Microsoft SDKs\Windows\v7.0A\include\urlmon.idl
         urlmon.idl
         Processing D:\Program Files\Microsoft SDKs\Windows\v7.0A\include\msxml.idl
         msxml.idl
         Processing D:\Program Files\Microsoft SDKs\Windows\v7.0A\include\oaidl.acf
         oaidl.acf
         Processing D:\Program Files\Microsoft SDKs\Windows\v7.0A\include\ocidl.acf
         ocidl.acf
       ClCompile:
         D:\Program Files\Microsoft Visual Studio 10.0\VC\bin\CL.exe /c /ZI /nologo /W3 /WX- /Od /Oy- /D WIN32 /D _WINDOWS /D _DEBUG /D _USRDLL /D _WINDLL /D _UNICODE /D UNICODE /D _ATL_DLL /D _AFXDLL /Gm /EHsc /RTC1 /MDd /GS /fp:precise /Zc:wchar_t /Zc:forScope /Yc"StdAfx.h" /Fp"Debug\Gowell.pch" /Fo"Debug\\" /Fd"Debug\vc100.pdb" /Gd /TP /analyze- /errorReport:prompt stdafx.cpp
         stdafx.cpp
         D:\Program Files\Microsoft Visual Studio 10.0\VC\bin\CL.exe /c /ZI /nologo /W3 /WX- /Od /Oy- /D WIN32 /D _WINDOWS /D _DEBUG /D _USRDLL /D _WINDLL /D _UNICODE /D UNICODE /D _ATL_DLL /D _AFXDLL /Gm /EHsc /RTC1 /MDd /GS /fp:precise /Zc:wchar_t /Zc:forScope /Fo"Debug\\" /Fd"Debug\vc100.pdb" /Gd /TP /analyze- /errorReport:prompt dllmain.cpp
         dllmain.cpp
         D:\Program Files\Microsoft Visual Studio 10.0\VC\bin\CL.exe /c /ZI /nologo /W3 /WX- /Od /Oy- /D WIN32 /D _WINDOWS /D _DEBUG /D _USRDLL /D _WINDLL /D _UNICODE /D UNICODE /D _ATL_DLL /D _AFXDLL /Gm /EHsc /RTC1 /MDd /GS /fp:precise /Zc:wchar_t /Zc:forScope /Yu"StdAfx.h" /Fp"Debug\Gowell.pch" /Fo"Debug\\" /Fd"Debug\vc100.pdb" /Gd /TP /analyze- /errorReport:prompt GoWell.cpp GoWellBHO.cpp JsInjector.cpp
         JsInjector.cpp
     1>d:\old computer files\gowell\gowell\jsinjector.cpp(143): warning C4996: '_itoa': This function or variable may be unsafe. Consider using _itoa_s instead. To disable deprecation, use _CRT_SECURE_NO_WARNINGS. See online help for details.
                 d:\program files\microsoft visual studio 10.0\vc\include\stdlib.h(451) : see declaration of '_itoa'
     1>d:\old computer files\gowell\gowell\jsinjector.cpp(186): warning C4244: 'argument' : conversion from 'std::streamoff' to 'unsigned int', possible loss of data
         GoWellBHO.cpp
         GoWell.cpp
         Generating Code...
         D:\Program Files\Microsoft Visual Studio 10.0\VC\bin\CL.exe /c /ZI /nologo /W3 /WX- /Od /Oy- /D WIN32 /D _WINDOWS /D _DEBUG /D _USRDLL /D _WINDLL /D _UNICODE /D UNICODE /D _ATL_DLL /D _AFXDLL /Gm /EHsc /RTC1 /MDd /GS /fp:precise /Zc:wchar_t /Zc:forScope /Fo"Debug\\" /Fd"Debug\vc100.pdb" /Gd /TC /analyze- /errorReport:prompt GoWell_i.c
         GoWell_i.c
       ResourceCompile:
         D:\Program Files\Microsoft SDKs\Windows\v7.0A\bin\rc.exe /D _DEBUG /D _UNICODE /D UNICODE /D _AFXDLL /l"0x0409" /IDebug\ /nologo /fo"Debug\GoWell.res" GoWell.rc 
       ManifestResourceCompile:
         D:\Program Files\Microsoft SDKs\Windows\v7.0A\bin\rc.exe /nologo /fo"Debug\Gowell.dll.embed.manifest.res" Debug\Gowell_manifest.rc 
       Link:
         D:\Program Files\Microsoft Visual Studio 10.0\VC\bin\link.exe /ERRORREPORT:PROMPT /OUT:"D:\Old Computer files\GoWell\Debug\Gowell.dll" /INCREMENTAL /NOLOGO comsuppw.lib /DEF:".\GoWell.def" /MANIFEST /ManifestFile:"Debug\Gowell.dll.intermediate.manifest" /MANIFESTUAC:"level='asInvoker' uiAccess='false'" /DEBUG /PDB:"D:\Old Computer files\GoWell\Debug\Gowell.pdb" /SUBSYSTEM:WINDOWS /TLBID:1 /DYNAMICBASE /NXCOMPAT /MACHINE:X86 /DLL Debug\GoWell.res
         Debug\Gowell.dll.embed.manifest.res
         Debug\dllmain.obj
         Debug\GoWell.obj
         Debug\GoWellBHO.obj
         Debug\GoWell_i.obj
         Debug\JsInjector.obj
         Debug\stdafx.obj
            Creating library D:\Old Computer files\GoWell\Debug\Gowell.lib and object D:\Old Computer files\GoWell\Debug\Gowell.exp
       Manifest:
         Deleting file "Debug\Gowell.dll.embed.manifest".
         D:\Program Files\Microsoft SDKs\Windows\v7.0A\bin\mt.exe /nologo /verbose /out:"Debug\Gowell.dll.embed.manifest" /manifest Debug\Gowell.dll.intermediate.manifest "D:\Program Files\Microsoft Visual Studio 10.0\VC\Include\Manifest\dpiaware.manifest"
         D:\Program Files\Microsoft SDKs\Windows\v7.0A\bin\rc.exe /nologo /fo"Debug\Gowell.dll.embed.manifest.res" Debug\Gowell_manifest.rc 
       LinkEmbedManifest:
         D:\Program Files\Microsoft Visual Studio 10.0\VC\bin\link.exe /ERRORREPORT:PROMPT /OUT:"D:\Old Computer files\GoWell\Debug\Gowell.dll" /INCREMENTAL /NOLOGO comsuppw.lib /DEF:".\GoWell.def" /MANIFEST /ManifestFile:"Debug\Gowell.dll.intermediate.manifest" /MANIFESTUAC:"level='asInvoker' uiAccess='false'" /DEBUG /PDB:"D:\Old Computer files\GoWell\Debug\Gowell.pdb" /SUBSYSTEM:WINDOWS /TLBID:1 /DYNAMICBASE /NXCOMPAT /MACHINE:X86 /DLL Debug\GoWell.res
         Debug\Gowell.dll.embed.manifest.res
         Debug\dllmain.obj
         Debug\GoWell.obj
         Debug\GoWellBHO.obj
         Debug\GoWell_i.obj
         Debug\JsInjector.obj
         Debug\stdafx.obj
         GoWell.vcxproj -> D:\Old Computer files\GoWell\Debug\Gowell.dll
       RegisterOutput:
         regsvr32 /s "D:\Old Computer files\GoWell\Debug\Gowell.dll"
       FinalizeBuildStatus:
         Deleting file "Debug\Gowell.unsuccessfulbuild".
         Touching "Debug\Gowell.lastbuildstate".
     1>Done Building Project "D:\Old Computer files\GoWell\GoWell\GoWell.vcxproj" (rebuild target(s)).

Build succeeded.

Time Elapsed 00:00:05.76
