D:\Old Computer files\GoWell\Debug\Gowell.dll
D:\Old Computer files\GoWell\GoWell\Debug\cl.command.1.tlog
D:\Old Computer files\GoWell\GoWell\Debug\CL.read.1.tlog
D:\Old Computer files\GoWell\GoWell\Debug\CL.write.1.tlog
D:\OLD COMPUTER FILES\GOWELL\GOWELL\DEBUG\DLLMAIN.OBJ
D:\Old Computer files\GoWell\GoWell\Debug\Gowell.dll.embed.manifest
D:\OLD COMPUTER FILES\GOWELL\GOWELL\DEBUG\GOWELL.DLL.EMBED.MANIFEST.RES
D:\OLD COMPUTER FILES\GOWELL\GOWELL\DEBUG\GOWELL.OBJ
D:\OLD COMPUTER FILES\GOWELL\GOWELL\DEBUG\GOWELL.PCH
D:\OLD COMPUTER FILES\GOWELL\GOWELL\DEBUG\GOWELL.RES
D:\OLD COMPUTER FILES\GOWELL\GOWELL\DEBUG\GOWELL.TLB
D:\Old Computer files\GoWell\GoWell\Debug\Gowell.write.1.tlog
D:\OLD COMPUTER FILES\GOWELL\GOWELL\DEBUG\GOWELL_I.OBJ
D:\Old Computer files\GoWell\GoWell\Debug\Gowell_manifest.rc
D:\OLD COMPUTER FILES\GOWELL\GOWELL\DEBUG\GOWELLBHO.OBJ
D:\OLD COMPUTER FILES\GOWELL\GOWELL\DEBUG\JSINJECTOR.OBJ
D:\Old Computer files\GoWell\GoWell\Debug\link.command.1.tlog
D:\Old Computer files\GoWell\GoWell\Debug\link.read.1.tlog
D:\Old Computer files\GoWell\GoWell\Debug\link.write.1.tlog
D:\Old Computer files\GoWell\GoWell\Debug\midl.command.1.tlog
D:\Old Computer files\GoWell\GoWell\Debug\midl.read.1.tlog
D:\Old Computer files\GoWell\GoWell\Debug\midl.write.1.tlog
D:\Old Computer files\GoWell\GoWell\Debug\midl-midlc.read.1.tlog
D:\Old Computer files\GoWell\GoWell\Debug\midl-midlc.write.1.tlog
D:\Old Computer files\GoWell\GoWell\Debug\midl-midlc-cl.read.1.tlog
D:\Old Computer files\GoWell\GoWell\Debug\rc.command.1.tlog
D:\Old Computer files\GoWell\GoWell\Debug\rc.read.1.tlog
D:\Old Computer files\GoWell\GoWell\Debug\rc.write.1.tlog
D:\OLD COMPUTER FILES\GOWELL\GOWELL\DEBUG\STDAFX.OBJ
D:\Old Computer files\GoWell\GoWell\Debug\vc100.idb
D:\OLD COMPUTER FILES\GOWELL\GOWELL\DEBUG\VC100.PDB
D:\OLD COMPUTER FILES\GOWELL\GOWELL\GOWELL_I.C
D:\OLD COMPUTER FILES\GOWELL\GOWELL\GOWELL_I.H
D:\OLD COMPUTER FILES\GOWELL\GOWELL\GOWELL_P.C
